2023-02-06 09:24:51.628 [main] INFO  java.lang.Class - Entered username
2023-02-06 09:24:51.793 [main] INFO  java.lang.Class - Entered password
2023-02-06 09:24:53.432 [main] INFO  java.lang.Class - Clicked on submit
2023-02-06 09:24:56.849 [main] INFO  java.lang.Class - Home page content matched
2023-02-06 09:24:59.202 [main] ERROR java.lang.Class - Home page content not matched
2023-02-06 09:25:09.735 [main] INFO  java.lang.Class - Entered username
2023-02-06 09:25:09.887 [main] INFO  java.lang.Class - Entered password
2023-02-06 09:25:10.050 [main] INFO  java.lang.Class - Clicked on submit
2023-02-06 09:25:15.876 [main] INFO  java.lang.Class - Home page content matched
2023-02-06 09:25:18.165 [main] ERROR java.lang.Class - Home page content not matched
2023-02-06 09:25:28.817 [main] INFO  java.lang.Class - Entered username
2023-02-06 09:25:28.935 [main] INFO  java.lang.Class - Entered password
2023-02-06 09:25:29.027 [main] INFO  java.lang.Class - Clicked on submit
2023-02-06 09:25:33.957 [main] INFO  java.lang.Class - Home page content matched
2023-02-06 09:25:36.251 [main] ERROR java.lang.Class - Home page content not matched
2023-02-06 09:25:47.023 [main] INFO  java.lang.Class - Entered username
2023-02-06 09:25:47.122 [main] INFO  java.lang.Class - Entered password
2023-02-06 09:25:47.225 [main] INFO  java.lang.Class - Clicked on submit
2023-02-06 09:25:51.938 [main] INFO  java.lang.Class - Home page content matched
2023-02-06 09:25:54.233 [main] ERROR java.lang.Class - Home page content not matched
2023-02-06 09:26:04.885 [main] INFO  java.lang.Class - Entered username
2023-02-06 09:26:04.989 [main] INFO  java.lang.Class - Entered password
2023-02-06 09:26:05.102 [main] INFO  java.lang.Class - Clicked on submit
2023-02-06 09:26:09.967 [main] INFO  java.lang.Class - Home page content matched
2023-02-06 09:26:12.269 [main] ERROR java.lang.Class - Home page content not matched
2023-02-06 09:57:43.787 [main] INFO  java.lang.Class - Entered username
2023-02-06 09:57:43.922 [main] INFO  java.lang.Class - Entered password
2023-02-06 09:57:45.335 [main] INFO  java.lang.Class - Clicked on submit
2023-02-06 09:57:48.781 [main] INFO  java.lang.Class - Home page content matched
2023-02-06 09:57:51.199 [main] ERROR java.lang.Class - Home page content not matched
2023-02-06 09:58:04.765 [main] INFO  java.lang.Class - Entered username
2023-02-06 09:58:04.865 [main] INFO  java.lang.Class - Entered password
2023-02-06 09:58:04.942 [main] INFO  java.lang.Class - Clicked on submit
2023-02-06 09:58:09.641 [main] INFO  java.lang.Class - Home page content matched
2023-02-06 09:58:11.925 [main] ERROR java.lang.Class - Home page content not matched
2023-02-06 09:58:25.497 [main] INFO  java.lang.Class - Entered username
2023-02-06 09:58:25.589 [main] INFO  java.lang.Class - Entered password
2023-02-06 09:58:25.654 [main] INFO  java.lang.Class - Clicked on submit
2023-02-06 09:58:30.299 [main] INFO  java.lang.Class - Home page content matched
2023-02-06 09:58:43.883 [main] INFO  java.lang.Class - Entered username
2023-02-06 09:58:43.976 [main] INFO  java.lang.Class - Entered password
2023-02-06 09:58:44.047 [main] INFO  java.lang.Class - Clicked on submit
2023-02-06 09:58:48.729 [main] INFO  java.lang.Class - Home page content matched
2023-02-06 09:58:51.033 [main] ERROR java.lang.Class - Home page content not matched
2023-02-06 09:59:04.697 [main] INFO  java.lang.Class - Entered username
2023-02-06 09:59:04.794 [main] INFO  java.lang.Class - Entered password
2023-02-06 09:59:04.865 [main] INFO  java.lang.Class - Clicked on submit
2023-02-06 09:59:09.534 [main] INFO  java.lang.Class - Home page content matched
2023-02-06 09:59:11.832 [main] ERROR java.lang.Class - Home page content not matched
